<?xml version="1.0" encoding="UTF-8"?>
<!-- Generated by org.testng.reporters.JUnitReportReporter -->
<testsuite skipped="0" hostname="DESKTOP-AB17OHA" name="qaclickacademy.Mavenjava.AppiumTest" tests="2" failures="0" timestamp="2022-01-29T12:07:32 IST" time="0.027" errors="0">
  <testcase name="NativeAppAndroid" time="0.013" classname="qaclickacademy.Mavenjava.AppiumTest"/>
  <system-out/>
  <testcase name="IOSApps" time="0.014" classname="qaclickacademy.Mavenjava.AppiumTest"/>
  <system-out/>
</testsuite> <!-- qaclickacademy.Mavenjava.AppiumTest -->
